<?xml version="1.0" encoding="UTF-8"?>
<!-- Generated by org.testng.reporters.JUnitXMLReporter -->
<testsuite ignored="0" hostname="ARAVA-DEV-L" failures="0" tests="3" name="Test" time="350.424" errors="0" timestamp="2025-01-29T15:14:05 IST">
  <testcase classname="testCases.AccountingPeriodTest" name="UpdatePeriodControl" time="42.824"/>
  <testcase classname="testCases.HomePageTest" name="VerifyHomePageLogin" time="15.072"/>
  <testcase classname="testCases.HomePageTest" name="CheckCurrencyConversion" time="6.261"/>
</testsuite> <!-- Test -->
