<?xml version="1.0" encoding="UTF-8"?>
<testng-results ignored="0" total="3" passed="3" failed="0" skipped="0">
  <reporter-output>
  </reporter-output>
  <suite started-at="2025-01-29T15:08:14 IST" name="Suite" finished-at="2025-01-29T15:14:05 IST" duration-ms="350424">
    <groups>
    </groups>
    <test started-at="2025-01-29T15:08:14 IST" name="Test" finished-at="2025-01-29T15:14:05 IST" duration-ms="350424">
      <class name="testCases.AccountingPeriodTest">
        <test-method is-config="true" signature="Setup(java.lang.String,java.lang.String)[pri:0, instance:testCases.AccountingPeriodTest@272113c4]" started-at="2025-01-29T15:08:15 IST" name="Setup" finished-at="2025-01-29T15:10:49 IST" duration-ms="154688" status="PASS">
          <params>
            <param index="0">
              <value>
                <![CDATA[chrome]]>
              </value>
            </param>
            <param index="1">
              <value>
                <![CDATA[Windows]]>
              </value>
            </param>
          </params>
          <reporter-output>
          </reporter-output>
        </test-method> <!-- Setup -->
        <test-method signature="UpdatePeriodControl()[pri:0, instance:testCases.AccountingPeriodTest@272113c4]" started-at="2025-01-29T15:10:49 IST" name="UpdatePeriodControl" finished-at="2025-01-29T15:11:32 IST" duration-ms="42824" status="PASS">
          <reporter-output>
          </reporter-output>
        </test-method> <!-- UpdatePeriodControl -->
        <test-method is-config="true" signature="tearDown()[pri:0, instance:testCases.AccountingPeriodTest@272113c4]" started-at="2025-01-29T15:11:32 IST" name="tearDown" finished-at="2025-01-29T15:11:32 IST" duration-ms="0" status="PASS">
          <reporter-output>
          </reporter-output>
        </test-method> <!-- tearDown -->
      </class> <!-- testCases.AccountingPeriodTest -->
      <class name="testCases.HomePageTest">
        <test-method is-config="true" signature="Setup(java.lang.String,java.lang.String)[pri:0, instance:testCases.HomePageTest@5a45133e]" started-at="2025-01-29T15:11:32 IST" name="Setup" finished-at="2025-01-29T15:13:43 IST" duration-ms="131119" status="PASS">
          <params>
            <param index="0">
              <value>
                <![CDATA[chrome]]>
              </value>
            </param>
            <param index="1">
              <value>
                <![CDATA[Windows]]>
              </value>
            </param>
          </params>
          <reporter-output>
          </reporter-output>
        </test-method> <!-- Setup -->
        <test-method signature="VerifyHomePageLogin()[pri:0, instance:testCases.HomePageTest@5a45133e]" started-at="2025-01-29T15:13:43 IST" name="VerifyHomePageLogin" finished-at="2025-01-29T15:13:58 IST" duration-ms="15072" status="PASS">
          <reporter-output>
          </reporter-output>
        </test-method> <!-- VerifyHomePageLogin -->
        <test-method signature="CheckCurrencyConversion()[pri:1, instance:testCases.HomePageTest@5a45133e]" started-at="2025-01-29T15:13:58 IST" name="CheckCurrencyConversion" finished-at="2025-01-29T15:14:05 IST" duration-ms="6261" status="PASS">
          <reporter-output>
          </reporter-output>
        </test-method> <!-- CheckCurrencyConversion -->
        <test-method is-config="true" signature="tearDown()[pri:0, instance:testCases.HomePageTest@5a45133e]" started-at="2025-01-29T15:14:05 IST" name="tearDown" finished-at="2025-01-29T15:14:05 IST" duration-ms="1" status="PASS">
          <reporter-output>
          </reporter-output>
        </test-method> <!-- tearDown -->
      </class> <!-- testCases.HomePageTest -->
    </test> <!-- Test -->
  </suite> <!-- Suite -->
</testng-results>
